c:\users\andrew\desktop\irbasic-d2d v0.2\debug\vc140.pdb
c:\users\andrew\desktop\irbasic-d2d v0.4\debug\vc140.pdb
c:\users\andrew\desktop\irbasic-d2d v0.4\debug\vc140.idb
c:\users\andrew\desktop\irbasic-d2d v0.4\debug\imagerenderer.obj
c:\users\andrew\desktop\irbasic-d2d v0.4\debug\colorbasics.obj
c:\users\andrew\desktop\irbasic-d2d v0.2\debug\colorbasics-d2d.ilk
c:\users\andrew\desktop\irbasic-d2d v0.2\debug\colorbasics-d2d.exe
c:\users\andrew\desktop\irbasic-d2d v0.2\debug\colorbasics-d2d.pdb
c:\users\andrew\desktop\irbasic-d2d v0.4\debug\colorbasics-d2d.ilk
c:\users\andrew\desktop\irbasic-d2d v0.4\debug\colorbasics-d2d.exe
c:\users\andrew\desktop\irbasic-d2d v0.4\debug\colorbasics-d2d.pdb
c:\users\andrew\desktop\irbasic-d2d v0.4\debug\colorbasics.res
c:\users\andrew\desktop\irbasic-d2d v0.4\debug\colorbasics-d2d.tlog\cl.command.1.tlog
c:\users\andrew\desktop\irbasic-d2d v0.4\debug\colorbasics-d2d.tlog\cl.read.1.tlog
c:\users\andrew\desktop\irbasic-d2d v0.4\debug\colorbasics-d2d.tlog\cl.write.1.tlog
c:\users\andrew\desktop\irbasic-d2d v0.4\debug\colorbasics-d2d.tlog\link.command.1.tlog
c:\users\andrew\desktop\irbasic-d2d v0.4\debug\colorbasics-d2d.tlog\link.read.1.tlog
c:\users\andrew\desktop\irbasic-d2d v0.4\debug\colorbasics-d2d.tlog\link.write.1.tlog
c:\users\andrew\desktop\irbasic-d2d v0.4\debug\colorbasics-d2d.tlog\rc.command.1.tlog
c:\users\andrew\desktop\irbasic-d2d v0.4\debug\colorbasics-d2d.tlog\rc.read.1.tlog
c:\users\andrew\desktop\irbasic-d2d v0.4\debug\colorbasics-d2d.tlog\rc.write.1.tlog
